[2024-03-19T20:30:56.641+0000] {processor.py:161} INFO - Started process (PID=33) to work on /opt/airflow/dags/dag.py
[2024-03-19T20:30:56.641+0000] {processor.py:830} INFO - Processing file /opt/airflow/dags/dag.py for tasks to queue
[2024-03-19T20:30:56.644+0000] {logging_mixin.py:188} INFO - [2024-03-19T20:30:56.644+0000] {dagbag.py:538} INFO - Filling up the DagBag from /opt/airflow/dags/dag.py
[2024-03-19T20:30:57.464+0000] {processor.py:840} INFO - DAG(s) 'dag_elt_weather' retrieved from /opt/airflow/dags/dag.py
[2024-03-19T20:30:57.695+0000] {logging_mixin.py:188} INFO - [2024-03-19T20:30:57.695+0000] {override.py:1769} INFO - Created Permission View: can read on DAG:dag_elt_weather
[2024-03-19T20:30:57.704+0000] {logging_mixin.py:188} INFO - [2024-03-19T20:30:57.704+0000] {override.py:1769} INFO - Created Permission View: can delete on DAG:dag_elt_weather
[2024-03-19T20:30:57.709+0000] {logging_mixin.py:188} INFO - [2024-03-19T20:30:57.709+0000] {override.py:1769} INFO - Created Permission View: can edit on DAG:dag_elt_weather
[2024-03-19T20:30:57.710+0000] {logging_mixin.py:188} INFO - [2024-03-19T20:30:57.709+0000] {dag.py:3033} INFO - Sync 1 DAGs
[2024-03-19T20:30:57.717+0000] {logging_mixin.py:188} INFO - [2024-03-19T20:30:57.717+0000] {dag.py:3055} INFO - Creating ORM DAG for dag_elt_weather
[2024-03-19T20:30:57.722+0000] {logging_mixin.py:188} INFO - [2024-03-19T20:30:57.722+0000] {dag.py:3820} INFO - Setting next_dagrun for dag_elt_weather to 2024-03-18T00:00:00+00:00, run_after=2024-03-18T01:00:00+00:00
[2024-03-19T20:30:57.738+0000] {processor.py:183} INFO - Processing /opt/airflow/dags/dag.py took 1.100 seconds
[2024-03-19T20:31:27.863+0000] {processor.py:161} INFO - Started process (PID=45) to work on /opt/airflow/dags/dag.py
[2024-03-19T20:31:27.864+0000] {processor.py:830} INFO - Processing file /opt/airflow/dags/dag.py for tasks to queue
[2024-03-19T20:31:27.865+0000] {logging_mixin.py:188} INFO - [2024-03-19T20:31:27.865+0000] {dagbag.py:538} INFO - Filling up the DagBag from /opt/airflow/dags/dag.py
[2024-03-19T20:31:28.111+0000] {processor.py:840} INFO - DAG(s) 'dag_elt_weather' retrieved from /opt/airflow/dags/dag.py
[2024-03-19T20:31:28.125+0000] {logging_mixin.py:188} INFO - [2024-03-19T20:31:28.124+0000] {dag.py:3033} INFO - Sync 1 DAGs
[2024-03-19T20:31:28.137+0000] {logging_mixin.py:188} INFO - [2024-03-19T20:31:28.137+0000] {dag.py:3820} INFO - Setting next_dagrun for dag_elt_weather to 2024-03-18T00:00:00+00:00, run_after=2024-03-18T01:00:00+00:00
[2024-03-19T20:31:28.147+0000] {processor.py:183} INFO - Processing /opt/airflow/dags/dag.py took 0.285 seconds
[2024-03-19T20:31:58.278+0000] {processor.py:161} INFO - Started process (PID=55) to work on /opt/airflow/dags/dag.py
[2024-03-19T20:31:58.279+0000] {processor.py:830} INFO - Processing file /opt/airflow/dags/dag.py for tasks to queue
[2024-03-19T20:31:58.281+0000] {logging_mixin.py:188} INFO - [2024-03-19T20:31:58.280+0000] {dagbag.py:538} INFO - Filling up the DagBag from /opt/airflow/dags/dag.py
[2024-03-19T20:31:58.546+0000] {processor.py:840} INFO - DAG(s) 'dag_elt_weather' retrieved from /opt/airflow/dags/dag.py
[2024-03-19T20:31:58.560+0000] {logging_mixin.py:188} INFO - [2024-03-19T20:31:58.560+0000] {dag.py:3033} INFO - Sync 1 DAGs
[2024-03-19T20:31:58.573+0000] {logging_mixin.py:188} INFO - [2024-03-19T20:31:58.572+0000] {dag.py:3820} INFO - Setting next_dagrun for dag_elt_weather to 2024-03-18T00:00:00+00:00, run_after=2024-03-18T01:00:00+00:00
[2024-03-19T20:31:58.584+0000] {processor.py:183} INFO - Processing /opt/airflow/dags/dag.py took 0.309 seconds
[2024-03-19T20:32:28.714+0000] {processor.py:161} INFO - Started process (PID=65) to work on /opt/airflow/dags/dag.py
[2024-03-19T20:32:28.715+0000] {processor.py:830} INFO - Processing file /opt/airflow/dags/dag.py for tasks to queue
[2024-03-19T20:32:28.716+0000] {logging_mixin.py:188} INFO - [2024-03-19T20:32:28.716+0000] {dagbag.py:538} INFO - Filling up the DagBag from /opt/airflow/dags/dag.py
[2024-03-19T20:32:28.991+0000] {processor.py:840} INFO - DAG(s) 'dag_elt_weather' retrieved from /opt/airflow/dags/dag.py
[2024-03-19T20:32:29.006+0000] {logging_mixin.py:188} INFO - [2024-03-19T20:32:29.005+0000] {dag.py:3033} INFO - Sync 1 DAGs
[2024-03-19T20:32:29.017+0000] {logging_mixin.py:188} INFO - [2024-03-19T20:32:29.017+0000] {dag.py:3820} INFO - Setting next_dagrun for dag_elt_weather to 2024-03-18T00:00:00+00:00, run_after=2024-03-18T01:00:00+00:00
[2024-03-19T20:32:29.029+0000] {processor.py:183} INFO - Processing /opt/airflow/dags/dag.py took 0.316 seconds
[2024-03-19T20:32:59.160+0000] {processor.py:161} INFO - Started process (PID=75) to work on /opt/airflow/dags/dag.py
[2024-03-19T20:32:59.161+0000] {processor.py:830} INFO - Processing file /opt/airflow/dags/dag.py for tasks to queue
[2024-03-19T20:32:59.162+0000] {logging_mixin.py:188} INFO - [2024-03-19T20:32:59.162+0000] {dagbag.py:538} INFO - Filling up the DagBag from /opt/airflow/dags/dag.py
[2024-03-19T20:32:59.427+0000] {processor.py:840} INFO - DAG(s) 'dag_elt_weather' retrieved from /opt/airflow/dags/dag.py
[2024-03-19T20:32:59.441+0000] {logging_mixin.py:188} INFO - [2024-03-19T20:32:59.440+0000] {dag.py:3033} INFO - Sync 1 DAGs
[2024-03-19T20:32:59.453+0000] {logging_mixin.py:188} INFO - [2024-03-19T20:32:59.453+0000] {dag.py:3820} INFO - Setting next_dagrun for dag_elt_weather to 2024-03-18T00:00:00+00:00, run_after=2024-03-18T01:00:00+00:00
[2024-03-19T20:32:59.465+0000] {processor.py:183} INFO - Processing /opt/airflow/dags/dag.py took 0.307 seconds
[2024-03-19T20:33:29.589+0000] {processor.py:161} INFO - Started process (PID=85) to work on /opt/airflow/dags/dag.py
[2024-03-19T20:33:29.590+0000] {processor.py:830} INFO - Processing file /opt/airflow/dags/dag.py for tasks to queue
[2024-03-19T20:33:29.591+0000] {logging_mixin.py:188} INFO - [2024-03-19T20:33:29.591+0000] {dagbag.py:538} INFO - Filling up the DagBag from /opt/airflow/dags/dag.py
[2024-03-19T20:33:29.828+0000] {processor.py:840} INFO - DAG(s) 'dag_elt_weather' retrieved from /opt/airflow/dags/dag.py
[2024-03-19T20:33:29.841+0000] {logging_mixin.py:188} INFO - [2024-03-19T20:33:29.841+0000] {dag.py:3033} INFO - Sync 1 DAGs
[2024-03-19T20:33:29.853+0000] {logging_mixin.py:188} INFO - [2024-03-19T20:33:29.853+0000] {dag.py:3820} INFO - Setting next_dagrun for dag_elt_weather to 2024-03-18T00:00:00+00:00, run_after=2024-03-18T01:00:00+00:00
[2024-03-19T20:33:29.865+0000] {processor.py:183} INFO - Processing /opt/airflow/dags/dag.py took 0.278 seconds
[2024-03-19T20:33:59.981+0000] {processor.py:161} INFO - Started process (PID=95) to work on /opt/airflow/dags/dag.py
[2024-03-19T20:33:59.982+0000] {processor.py:830} INFO - Processing file /opt/airflow/dags/dag.py for tasks to queue
[2024-03-19T20:33:59.983+0000] {logging_mixin.py:188} INFO - [2024-03-19T20:33:59.983+0000] {dagbag.py:538} INFO - Filling up the DagBag from /opt/airflow/dags/dag.py
[2024-03-19T20:34:00.226+0000] {processor.py:840} INFO - DAG(s) 'dag_elt_weather' retrieved from /opt/airflow/dags/dag.py
[2024-03-19T20:34:00.239+0000] {logging_mixin.py:188} INFO - [2024-03-19T20:34:00.239+0000] {dag.py:3033} INFO - Sync 1 DAGs
[2024-03-19T20:34:00.252+0000] {logging_mixin.py:188} INFO - [2024-03-19T20:34:00.252+0000] {dag.py:3820} INFO - Setting next_dagrun for dag_elt_weather to 2024-03-18T00:00:00+00:00, run_after=2024-03-18T01:00:00+00:00
[2024-03-19T20:34:00.263+0000] {processor.py:183} INFO - Processing /opt/airflow/dags/dag.py took 0.284 seconds
[2024-03-19T20:34:30.381+0000] {processor.py:161} INFO - Started process (PID=105) to work on /opt/airflow/dags/dag.py
[2024-03-19T20:34:30.382+0000] {processor.py:830} INFO - Processing file /opt/airflow/dags/dag.py for tasks to queue
[2024-03-19T20:34:30.383+0000] {logging_mixin.py:188} INFO - [2024-03-19T20:34:30.383+0000] {dagbag.py:538} INFO - Filling up the DagBag from /opt/airflow/dags/dag.py
[2024-03-19T20:34:30.620+0000] {processor.py:840} INFO - DAG(s) 'dag_elt_weather' retrieved from /opt/airflow/dags/dag.py
[2024-03-19T20:34:30.633+0000] {logging_mixin.py:188} INFO - [2024-03-19T20:34:30.633+0000] {dag.py:3033} INFO - Sync 1 DAGs
[2024-03-19T20:34:30.645+0000] {logging_mixin.py:188} INFO - [2024-03-19T20:34:30.645+0000] {dag.py:3820} INFO - Setting next_dagrun for dag_elt_weather to 2024-03-18T00:00:00+00:00, run_after=2024-03-18T01:00:00+00:00
[2024-03-19T20:34:30.656+0000] {processor.py:183} INFO - Processing /opt/airflow/dags/dag.py took 0.276 seconds
[2024-03-19T20:35:00.770+0000] {processor.py:161} INFO - Started process (PID=115) to work on /opt/airflow/dags/dag.py
[2024-03-19T20:35:00.771+0000] {processor.py:830} INFO - Processing file /opt/airflow/dags/dag.py for tasks to queue
[2024-03-19T20:35:00.772+0000] {logging_mixin.py:188} INFO - [2024-03-19T20:35:00.772+0000] {dagbag.py:538} INFO - Filling up the DagBag from /opt/airflow/dags/dag.py
[2024-03-19T20:35:01.022+0000] {processor.py:840} INFO - DAG(s) 'dag_elt_weather' retrieved from /opt/airflow/dags/dag.py
[2024-03-19T20:35:01.035+0000] {logging_mixin.py:188} INFO - [2024-03-19T20:35:01.035+0000] {dag.py:3033} INFO - Sync 1 DAGs
[2024-03-19T20:35:01.047+0000] {logging_mixin.py:188} INFO - [2024-03-19T20:35:01.047+0000] {dag.py:3820} INFO - Setting next_dagrun for dag_elt_weather to 2024-03-18T00:00:00+00:00, run_after=2024-03-18T01:00:00+00:00
[2024-03-19T20:35:01.059+0000] {processor.py:183} INFO - Processing /opt/airflow/dags/dag.py took 0.290 seconds
[2024-03-19T20:35:31.176+0000] {processor.py:161} INFO - Started process (PID=125) to work on /opt/airflow/dags/dag.py
[2024-03-19T20:35:31.176+0000] {processor.py:830} INFO - Processing file /opt/airflow/dags/dag.py for tasks to queue
[2024-03-19T20:35:31.178+0000] {logging_mixin.py:188} INFO - [2024-03-19T20:35:31.178+0000] {dagbag.py:538} INFO - Filling up the DagBag from /opt/airflow/dags/dag.py
[2024-03-19T20:35:31.420+0000] {processor.py:840} INFO - DAG(s) 'dag_elt_weather' retrieved from /opt/airflow/dags/dag.py
[2024-03-19T20:35:31.433+0000] {logging_mixin.py:188} INFO - [2024-03-19T20:35:31.433+0000] {dag.py:3033} INFO - Sync 1 DAGs
[2024-03-19T20:35:31.445+0000] {logging_mixin.py:188} INFO - [2024-03-19T20:35:31.444+0000] {dag.py:3820} INFO - Setting next_dagrun for dag_elt_weather to 2024-03-18T00:00:00+00:00, run_after=2024-03-18T01:00:00+00:00
[2024-03-19T20:35:31.455+0000] {processor.py:183} INFO - Processing /opt/airflow/dags/dag.py took 0.282 seconds
[2024-03-19T20:36:01.524+0000] {processor.py:161} INFO - Started process (PID=133) to work on /opt/airflow/dags/dag.py
[2024-03-19T20:36:01.524+0000] {processor.py:830} INFO - Processing file /opt/airflow/dags/dag.py for tasks to queue
[2024-03-19T20:36:01.526+0000] {logging_mixin.py:188} INFO - [2024-03-19T20:36:01.526+0000] {dagbag.py:538} INFO - Filling up the DagBag from /opt/airflow/dags/dag.py
[2024-03-19T20:36:01.795+0000] {processor.py:840} INFO - DAG(s) 'dag_elt_weather' retrieved from /opt/airflow/dags/dag.py
[2024-03-19T20:36:01.808+0000] {logging_mixin.py:188} INFO - [2024-03-19T20:36:01.808+0000] {dag.py:3033} INFO - Sync 1 DAGs
[2024-03-19T20:36:01.822+0000] {logging_mixin.py:188} INFO - [2024-03-19T20:36:01.822+0000] {dag.py:3820} INFO - Setting next_dagrun for dag_elt_weather to 2024-03-18T00:00:00+00:00, run_after=2024-03-18T01:00:00+00:00
[2024-03-19T20:36:01.834+0000] {processor.py:183} INFO - Processing /opt/airflow/dags/dag.py took 0.312 seconds
[2024-03-19T20:36:31.953+0000] {processor.py:161} INFO - Started process (PID=143) to work on /opt/airflow/dags/dag.py
[2024-03-19T20:36:31.954+0000] {processor.py:830} INFO - Processing file /opt/airflow/dags/dag.py for tasks to queue
[2024-03-19T20:36:31.956+0000] {logging_mixin.py:188} INFO - [2024-03-19T20:36:31.956+0000] {dagbag.py:538} INFO - Filling up the DagBag from /opt/airflow/dags/dag.py
[2024-03-19T20:36:32.239+0000] {processor.py:840} INFO - DAG(s) 'dag_elt_weather' retrieved from /opt/airflow/dags/dag.py
[2024-03-19T20:36:32.252+0000] {logging_mixin.py:188} INFO - [2024-03-19T20:36:32.252+0000] {dag.py:3033} INFO - Sync 1 DAGs
[2024-03-19T20:36:32.268+0000] {logging_mixin.py:188} INFO - [2024-03-19T20:36:32.268+0000] {dag.py:3820} INFO - Setting next_dagrun for dag_elt_weather to 2024-03-18T00:00:00+00:00, run_after=2024-03-18T01:00:00+00:00
[2024-03-19T20:36:32.281+0000] {processor.py:183} INFO - Processing /opt/airflow/dags/dag.py took 0.329 seconds
[2024-03-19T20:37:02.402+0000] {processor.py:161} INFO - Started process (PID=153) to work on /opt/airflow/dags/dag.py
[2024-03-19T20:37:02.403+0000] {processor.py:830} INFO - Processing file /opt/airflow/dags/dag.py for tasks to queue
[2024-03-19T20:37:02.404+0000] {logging_mixin.py:188} INFO - [2024-03-19T20:37:02.404+0000] {dagbag.py:538} INFO - Filling up the DagBag from /opt/airflow/dags/dag.py
[2024-03-19T20:37:02.678+0000] {processor.py:840} INFO - DAG(s) 'dag_elt_weather' retrieved from /opt/airflow/dags/dag.py
[2024-03-19T20:37:02.692+0000] {logging_mixin.py:188} INFO - [2024-03-19T20:37:02.692+0000] {dag.py:3033} INFO - Sync 1 DAGs
[2024-03-19T20:37:02.704+0000] {logging_mixin.py:188} INFO - [2024-03-19T20:37:02.704+0000] {dag.py:3820} INFO - Setting next_dagrun for dag_elt_weather to 2024-03-18T00:00:00+00:00, run_after=2024-03-18T01:00:00+00:00
[2024-03-19T20:37:02.715+0000] {processor.py:183} INFO - Processing /opt/airflow/dags/dag.py took 0.315 seconds
[2024-03-19T20:37:32.824+0000] {processor.py:161} INFO - Started process (PID=163) to work on /opt/airflow/dags/dag.py
[2024-03-19T20:37:32.825+0000] {processor.py:830} INFO - Processing file /opt/airflow/dags/dag.py for tasks to queue
[2024-03-19T20:37:32.826+0000] {logging_mixin.py:188} INFO - [2024-03-19T20:37:32.826+0000] {dagbag.py:538} INFO - Filling up the DagBag from /opt/airflow/dags/dag.py
[2024-03-19T20:37:33.089+0000] {processor.py:840} INFO - DAG(s) 'dag_elt_weather' retrieved from /opt/airflow/dags/dag.py
[2024-03-19T20:37:33.102+0000] {logging_mixin.py:188} INFO - [2024-03-19T20:37:33.102+0000] {dag.py:3033} INFO - Sync 1 DAGs
[2024-03-19T20:37:33.114+0000] {logging_mixin.py:188} INFO - [2024-03-19T20:37:33.114+0000] {dag.py:3820} INFO - Setting next_dagrun for dag_elt_weather to 2024-03-18T00:00:00+00:00, run_after=2024-03-18T01:00:00+00:00
[2024-03-19T20:37:33.124+0000] {processor.py:183} INFO - Processing /opt/airflow/dags/dag.py took 0.302 seconds
[2024-03-19T20:38:03.248+0000] {processor.py:161} INFO - Started process (PID=173) to work on /opt/airflow/dags/dag.py
[2024-03-19T20:38:03.249+0000] {processor.py:830} INFO - Processing file /opt/airflow/dags/dag.py for tasks to queue
[2024-03-19T20:38:03.250+0000] {logging_mixin.py:188} INFO - [2024-03-19T20:38:03.250+0000] {dagbag.py:538} INFO - Filling up the DagBag from /opt/airflow/dags/dag.py
[2024-03-19T20:38:03.543+0000] {processor.py:840} INFO - DAG(s) 'dag_elt_weather' retrieved from /opt/airflow/dags/dag.py
[2024-03-19T20:38:03.558+0000] {logging_mixin.py:188} INFO - [2024-03-19T20:38:03.557+0000] {dag.py:3033} INFO - Sync 1 DAGs
[2024-03-19T20:38:03.574+0000] {logging_mixin.py:188} INFO - [2024-03-19T20:38:03.574+0000] {dag.py:3820} INFO - Setting next_dagrun for dag_elt_weather to 2024-03-18T00:00:00+00:00, run_after=2024-03-18T01:00:00+00:00
[2024-03-19T20:38:03.587+0000] {processor.py:183} INFO - Processing /opt/airflow/dags/dag.py took 0.341 seconds
[2024-03-19T20:38:33.704+0000] {processor.py:161} INFO - Started process (PID=183) to work on /opt/airflow/dags/dag.py
[2024-03-19T20:38:33.705+0000] {processor.py:830} INFO - Processing file /opt/airflow/dags/dag.py for tasks to queue
[2024-03-19T20:38:33.706+0000] {logging_mixin.py:188} INFO - [2024-03-19T20:38:33.706+0000] {dagbag.py:538} INFO - Filling up the DagBag from /opt/airflow/dags/dag.py
[2024-03-19T20:38:33.986+0000] {processor.py:840} INFO - DAG(s) 'dag_elt_weather' retrieved from /opt/airflow/dags/dag.py
[2024-03-19T20:38:34.000+0000] {logging_mixin.py:188} INFO - [2024-03-19T20:38:34.000+0000] {dag.py:3033} INFO - Sync 1 DAGs
[2024-03-19T20:38:34.013+0000] {logging_mixin.py:188} INFO - [2024-03-19T20:38:34.013+0000] {dag.py:3820} INFO - Setting next_dagrun for dag_elt_weather to 2024-03-18T00:00:00+00:00, run_after=2024-03-18T01:00:00+00:00
[2024-03-19T20:38:34.023+0000] {processor.py:183} INFO - Processing /opt/airflow/dags/dag.py took 0.321 seconds
[2024-03-19T20:41:04.872+0000] {processor.py:161} INFO - Started process (PID=34) to work on /opt/airflow/dags/dag.py
[2024-03-19T20:41:04.873+0000] {processor.py:830} INFO - Processing file /opt/airflow/dags/dag.py for tasks to queue
[2024-03-19T20:41:04.874+0000] {logging_mixin.py:188} INFO - [2024-03-19T20:41:04.874+0000] {dagbag.py:538} INFO - Filling up the DagBag from /opt/airflow/dags/dag.py
[2024-03-19T20:41:05.623+0000] {processor.py:840} INFO - DAG(s) 'dag_elt_weather' retrieved from /opt/airflow/dags/dag.py
[2024-03-19T20:41:05.915+0000] {logging_mixin.py:188} INFO - [2024-03-19T20:41:05.914+0000] {dag.py:3033} INFO - Sync 1 DAGs
[2024-03-19T20:41:05.926+0000] {logging_mixin.py:188} INFO - [2024-03-19T20:41:05.926+0000] {dag.py:3820} INFO - Setting next_dagrun for dag_elt_weather to 2024-03-18T00:00:00+00:00, run_after=2024-03-18T01:00:00+00:00
[2024-03-19T20:41:07.784+0000] {processor.py:183} INFO - Processing /opt/airflow/dags/dag.py took 2.914 seconds
[2024-03-19T20:41:37.910+0000] {processor.py:161} INFO - Started process (PID=46) to work on /opt/airflow/dags/dag.py
[2024-03-19T20:41:37.911+0000] {processor.py:830} INFO - Processing file /opt/airflow/dags/dag.py for tasks to queue
[2024-03-19T20:41:37.913+0000] {logging_mixin.py:188} INFO - [2024-03-19T20:41:37.913+0000] {dagbag.py:538} INFO - Filling up the DagBag from /opt/airflow/dags/dag.py
[2024-03-19T20:41:38.179+0000] {processor.py:840} INFO - DAG(s) 'dag_elt_weather' retrieved from /opt/airflow/dags/dag.py
[2024-03-19T20:41:38.194+0000] {logging_mixin.py:188} INFO - [2024-03-19T20:41:38.194+0000] {dag.py:3033} INFO - Sync 1 DAGs
[2024-03-19T20:41:38.206+0000] {logging_mixin.py:188} INFO - [2024-03-19T20:41:38.206+0000] {dag.py:3820} INFO - Setting next_dagrun for dag_elt_weather to 2024-03-18T00:00:00+00:00, run_after=2024-03-18T01:00:00+00:00
[2024-03-19T20:41:38.217+0000] {processor.py:183} INFO - Processing /opt/airflow/dags/dag.py took 0.309 seconds
[2024-03-19T20:42:08.344+0000] {processor.py:161} INFO - Started process (PID=56) to work on /opt/airflow/dags/dag.py
[2024-03-19T20:42:08.345+0000] {processor.py:830} INFO - Processing file /opt/airflow/dags/dag.py for tasks to queue
[2024-03-19T20:42:08.346+0000] {logging_mixin.py:188} INFO - [2024-03-19T20:42:08.346+0000] {dagbag.py:538} INFO - Filling up the DagBag from /opt/airflow/dags/dag.py
[2024-03-19T20:42:08.591+0000] {processor.py:840} INFO - DAG(s) 'dag_elt_weather' retrieved from /opt/airflow/dags/dag.py
[2024-03-19T20:42:08.605+0000] {logging_mixin.py:188} INFO - [2024-03-19T20:42:08.604+0000] {dag.py:3033} INFO - Sync 1 DAGs
[2024-03-19T20:42:08.616+0000] {logging_mixin.py:188} INFO - [2024-03-19T20:42:08.616+0000] {dag.py:3820} INFO - Setting next_dagrun for dag_elt_weather to 2024-03-18T00:00:00+00:00, run_after=2024-03-18T01:00:00+00:00
[2024-03-19T20:42:08.627+0000] {processor.py:183} INFO - Processing /opt/airflow/dags/dag.py took 0.285 seconds
[2024-03-19T20:42:38.752+0000] {processor.py:161} INFO - Started process (PID=66) to work on /opt/airflow/dags/dag.py
[2024-03-19T20:42:38.753+0000] {processor.py:830} INFO - Processing file /opt/airflow/dags/dag.py for tasks to queue
[2024-03-19T20:42:38.755+0000] {logging_mixin.py:188} INFO - [2024-03-19T20:42:38.755+0000] {dagbag.py:538} INFO - Filling up the DagBag from /opt/airflow/dags/dag.py
[2024-03-19T20:42:39.001+0000] {processor.py:840} INFO - DAG(s) 'dag_elt_weather' retrieved from /opt/airflow/dags/dag.py
[2024-03-19T20:42:39.015+0000] {logging_mixin.py:188} INFO - [2024-03-19T20:42:39.015+0000] {dag.py:3033} INFO - Sync 1 DAGs
[2024-03-19T20:42:39.026+0000] {logging_mixin.py:188} INFO - [2024-03-19T20:42:39.026+0000] {dag.py:3820} INFO - Setting next_dagrun for dag_elt_weather to 2024-03-18T00:00:00+00:00, run_after=2024-03-18T01:00:00+00:00
[2024-03-19T20:42:39.045+0000] {processor.py:183} INFO - Processing /opt/airflow/dags/dag.py took 0.295 seconds
[2024-03-19T20:43:09.166+0000] {processor.py:161} INFO - Started process (PID=76) to work on /opt/airflow/dags/dag.py
[2024-03-19T20:43:09.167+0000] {processor.py:830} INFO - Processing file /opt/airflow/dags/dag.py for tasks to queue
[2024-03-19T20:43:09.169+0000] {logging_mixin.py:188} INFO - [2024-03-19T20:43:09.169+0000] {dagbag.py:538} INFO - Filling up the DagBag from /opt/airflow/dags/dag.py
[2024-03-19T20:43:09.414+0000] {processor.py:840} INFO - DAG(s) 'dag_elt_weather' retrieved from /opt/airflow/dags/dag.py
[2024-03-19T20:43:09.427+0000] {logging_mixin.py:188} INFO - [2024-03-19T20:43:09.427+0000] {dag.py:3033} INFO - Sync 1 DAGs
[2024-03-19T20:43:09.439+0000] {logging_mixin.py:188} INFO - [2024-03-19T20:43:09.439+0000] {dag.py:3820} INFO - Setting next_dagrun for dag_elt_weather to 2024-03-18T00:00:00+00:00, run_after=2024-03-18T01:00:00+00:00
[2024-03-19T20:43:09.451+0000] {processor.py:183} INFO - Processing /opt/airflow/dags/dag.py took 0.286 seconds
[2024-03-19T20:43:39.578+0000] {processor.py:161} INFO - Started process (PID=86) to work on /opt/airflow/dags/dag.py
[2024-03-19T20:43:39.578+0000] {processor.py:830} INFO - Processing file /opt/airflow/dags/dag.py for tasks to queue
[2024-03-19T20:43:39.580+0000] {logging_mixin.py:188} INFO - [2024-03-19T20:43:39.580+0000] {dagbag.py:538} INFO - Filling up the DagBag from /opt/airflow/dags/dag.py
[2024-03-19T20:43:39.821+0000] {processor.py:840} INFO - DAG(s) 'dag_elt_weather' retrieved from /opt/airflow/dags/dag.py
[2024-03-19T20:43:39.834+0000] {logging_mixin.py:188} INFO - [2024-03-19T20:43:39.834+0000] {dag.py:3033} INFO - Sync 1 DAGs
[2024-03-19T20:43:39.846+0000] {logging_mixin.py:188} INFO - [2024-03-19T20:43:39.846+0000] {dag.py:3820} INFO - Setting next_dagrun for dag_elt_weather to 2024-03-18T00:00:00+00:00, run_after=2024-03-18T01:00:00+00:00
[2024-03-19T20:43:39.858+0000] {processor.py:183} INFO - Processing /opt/airflow/dags/dag.py took 0.283 seconds
[2024-03-19T20:44:09.983+0000] {processor.py:161} INFO - Started process (PID=96) to work on /opt/airflow/dags/dag.py
[2024-03-19T20:44:09.984+0000] {processor.py:830} INFO - Processing file /opt/airflow/dags/dag.py for tasks to queue
[2024-03-19T20:44:09.985+0000] {logging_mixin.py:188} INFO - [2024-03-19T20:44:09.985+0000] {dagbag.py:538} INFO - Filling up the DagBag from /opt/airflow/dags/dag.py
[2024-03-19T20:44:10.238+0000] {processor.py:840} INFO - DAG(s) 'dag_elt_weather' retrieved from /opt/airflow/dags/dag.py
[2024-03-19T20:44:10.252+0000] {logging_mixin.py:188} INFO - [2024-03-19T20:44:10.252+0000] {dag.py:3033} INFO - Sync 1 DAGs
[2024-03-19T20:44:10.264+0000] {logging_mixin.py:188} INFO - [2024-03-19T20:44:10.264+0000] {dag.py:3820} INFO - Setting next_dagrun for dag_elt_weather to 2024-03-18T00:00:00+00:00, run_after=2024-03-18T01:00:00+00:00
[2024-03-19T20:44:10.275+0000] {processor.py:183} INFO - Processing /opt/airflow/dags/dag.py took 0.294 seconds
[2024-03-19T20:44:56.288+0000] {processor.py:161} INFO - Started process (PID=33) to work on /opt/airflow/dags/dag.py
[2024-03-19T20:44:56.289+0000] {processor.py:830} INFO - Processing file /opt/airflow/dags/dag.py for tasks to queue
[2024-03-19T20:44:56.290+0000] {logging_mixin.py:188} INFO - [2024-03-19T20:44:56.290+0000] {dagbag.py:538} INFO - Filling up the DagBag from /opt/airflow/dags/dag.py
[2024-03-19T20:44:56.483+0000] {processor.py:840} INFO - DAG(s) 'dag_elt_weather' retrieved from /opt/airflow/dags/dag.py
[2024-03-19T20:44:56.644+0000] {logging_mixin.py:188} INFO - [2024-03-19T20:44:56.644+0000] {dag.py:3033} INFO - Sync 1 DAGs
[2024-03-19T20:44:56.658+0000] {logging_mixin.py:188} INFO - [2024-03-19T20:44:56.658+0000] {dag.py:3820} INFO - Setting next_dagrun for dag_elt_weather to 2024-03-18T00:00:00+00:00, run_after=2024-03-18T01:00:00+00:00
[2024-03-19T20:44:56.672+0000] {processor.py:183} INFO - Processing /opt/airflow/dags/dag.py took 0.386 seconds
[2024-03-19T20:45:26.810+0000] {processor.py:161} INFO - Started process (PID=45) to work on /opt/airflow/dags/dag.py
[2024-03-19T20:45:26.811+0000] {processor.py:830} INFO - Processing file /opt/airflow/dags/dag.py for tasks to queue
[2024-03-19T20:45:26.812+0000] {logging_mixin.py:188} INFO - [2024-03-19T20:45:26.812+0000] {dagbag.py:538} INFO - Filling up the DagBag from /opt/airflow/dags/dag.py
[2024-03-19T20:45:27.074+0000] {processor.py:840} INFO - DAG(s) 'dag_elt_weather' retrieved from /opt/airflow/dags/dag.py
[2024-03-19T20:45:27.087+0000] {logging_mixin.py:188} INFO - [2024-03-19T20:45:27.087+0000] {dag.py:3033} INFO - Sync 1 DAGs
[2024-03-19T20:45:27.100+0000] {logging_mixin.py:188} INFO - [2024-03-19T20:45:27.100+0000] {dag.py:3820} INFO - Setting next_dagrun for dag_elt_weather to 2024-03-18T00:00:00+00:00, run_after=2024-03-18T01:00:00+00:00
[2024-03-19T20:45:27.111+0000] {processor.py:183} INFO - Processing /opt/airflow/dags/dag.py took 0.303 seconds
[2024-03-19T20:45:57.244+0000] {processor.py:161} INFO - Started process (PID=55) to work on /opt/airflow/dags/dag.py
[2024-03-19T20:45:57.245+0000] {processor.py:830} INFO - Processing file /opt/airflow/dags/dag.py for tasks to queue
[2024-03-19T20:45:57.246+0000] {logging_mixin.py:188} INFO - [2024-03-19T20:45:57.246+0000] {dagbag.py:538} INFO - Filling up the DagBag from /opt/airflow/dags/dag.py
[2024-03-19T20:45:57.496+0000] {processor.py:840} INFO - DAG(s) 'dag_elt_weather' retrieved from /opt/airflow/dags/dag.py
[2024-03-19T20:45:57.510+0000] {logging_mixin.py:188} INFO - [2024-03-19T20:45:57.510+0000] {dag.py:3033} INFO - Sync 1 DAGs
[2024-03-19T20:45:57.522+0000] {logging_mixin.py:188} INFO - [2024-03-19T20:45:57.522+0000] {dag.py:3820} INFO - Setting next_dagrun for dag_elt_weather to 2024-03-18T00:00:00+00:00, run_after=2024-03-18T01:00:00+00:00
[2024-03-19T20:45:57.532+0000] {processor.py:183} INFO - Processing /opt/airflow/dags/dag.py took 0.290 seconds
[2024-03-19T20:46:27.658+0000] {processor.py:161} INFO - Started process (PID=65) to work on /opt/airflow/dags/dag.py
[2024-03-19T20:46:27.659+0000] {processor.py:830} INFO - Processing file /opt/airflow/dags/dag.py for tasks to queue
[2024-03-19T20:46:27.661+0000] {logging_mixin.py:188} INFO - [2024-03-19T20:46:27.661+0000] {dagbag.py:538} INFO - Filling up the DagBag from /opt/airflow/dags/dag.py
[2024-03-19T20:46:27.917+0000] {processor.py:840} INFO - DAG(s) 'dag_elt_weather' retrieved from /opt/airflow/dags/dag.py
[2024-03-19T20:46:27.932+0000] {logging_mixin.py:188} INFO - [2024-03-19T20:46:27.932+0000] {dag.py:3033} INFO - Sync 1 DAGs
[2024-03-19T20:46:27.944+0000] {logging_mixin.py:188} INFO - [2024-03-19T20:46:27.944+0000] {dag.py:3820} INFO - Setting next_dagrun for dag_elt_weather to 2024-03-18T00:00:00+00:00, run_after=2024-03-18T01:00:00+00:00
[2024-03-19T20:46:27.956+0000] {processor.py:183} INFO - Processing /opt/airflow/dags/dag.py took 0.300 seconds
[2024-03-19T20:46:58.088+0000] {processor.py:161} INFO - Started process (PID=75) to work on /opt/airflow/dags/dag.py
[2024-03-19T20:46:58.089+0000] {processor.py:830} INFO - Processing file /opt/airflow/dags/dag.py for tasks to queue
[2024-03-19T20:46:58.090+0000] {logging_mixin.py:188} INFO - [2024-03-19T20:46:58.090+0000] {dagbag.py:538} INFO - Filling up the DagBag from /opt/airflow/dags/dag.py
[2024-03-19T20:46:58.348+0000] {processor.py:840} INFO - DAG(s) 'dag_elt_weather' retrieved from /opt/airflow/dags/dag.py
[2024-03-19T20:46:58.362+0000] {logging_mixin.py:188} INFO - [2024-03-19T20:46:58.361+0000] {dag.py:3033} INFO - Sync 1 DAGs
[2024-03-19T20:46:58.384+0000] {processor.py:183} INFO - Processing /opt/airflow/dags/dag.py took 0.298 seconds
