[2024-03-19T20:30:56.530+0000] {manager.py:469} INFO - Processing files using up to 2 processes at a time 
[2024-03-19T20:30:56.531+0000] {manager.py:470} INFO - Process each file at most once every 30 seconds
[2024-03-19T20:30:56.531+0000] {manager.py:471} INFO - Checking for new files in /opt/airflow/dags every 300 seconds
[2024-03-19T20:30:56.532+0000] {manager.py:738} INFO - Searching for files in /opt/airflow/dags
[2024-03-19T20:30:56.565+0000] {manager.py:741} INFO - There are 2 files in /opt/airflow/dags
[2024-03-19T20:30:56.632+0000] {manager.py:879} INFO - 
================================================================================
DAG File Processing Stats

File Path                   PID  Runtime      # DAGs    # Errors  Last Runtime    Last Run
------------------------  -----  ---------  --------  ----------  --------------  ----------
/opt/airflow/dags/dag.py     33  0.04s             0           0
/opt/airflow/dags/etl.py     34  0.02s             0           0
================================================================================
[2024-03-19T20:31:26.728+0000] {manager.py:879} INFO - 
================================================================================
DAG File Processing Stats

File Path                 PID    Runtime      # DAGs    # Errors  Last Runtime    Last Run
------------------------  -----  ---------  --------  ----------  --------------  -------------------
/opt/airflow/dags/etl.py                           0           0  0.88s           2024-03-19T20:30:57
/opt/airflow/dags/dag.py                           1           0  1.17s           2024-03-19T20:30:57
================================================================================
[2024-03-19T20:31:57.139+0000] {manager.py:879} INFO - 
================================================================================
DAG File Processing Stats

File Path                 PID    Runtime      # DAGs    # Errors  Last Runtime    Last Run
------------------------  -----  ---------  --------  ----------  --------------  -------------------
/opt/airflow/dags/etl.py                           0           0  0.30s           2024-03-19T20:31:28
/opt/airflow/dags/dag.py                           1           0  0.33s           2024-03-19T20:31:28
================================================================================
[2024-03-19T20:32:27.574+0000] {manager.py:879} INFO - 
================================================================================
DAG File Processing Stats

File Path                 PID    Runtime      # DAGs    # Errors  Last Runtime    Last Run
------------------------  -----  ---------  --------  ----------  --------------  -------------------
/opt/airflow/dags/etl.py                           0           0  0.32s           2024-03-19T20:31:58
/opt/airflow/dags/dag.py                           1           0  0.36s           2024-03-19T20:31:58
================================================================================
[2024-03-19T20:32:58.007+0000] {manager.py:879} INFO - 
================================================================================
DAG File Processing Stats

File Path                 PID    Runtime      # DAGs    # Errors  Last Runtime    Last Run
------------------------  -----  ---------  --------  ----------  --------------  -------------------
/opt/airflow/dags/etl.py                           0           0  0.32s           2024-03-19T20:32:28
/opt/airflow/dags/dag.py                           1           0  0.36s           2024-03-19T20:32:29
================================================================================
[2024-03-19T20:33:28.437+0000] {manager.py:879} INFO - 
================================================================================
DAG File Processing Stats

File Path                 PID    Runtime      # DAGs    # Errors  Last Runtime    Last Run
------------------------  -----  ---------  --------  ----------  --------------  -------------------
/opt/airflow/dags/etl.py                           0           0  0.32s           2024-03-19T20:32:59
/opt/airflow/dags/dag.py                           1           0  0.36s           2024-03-19T20:32:59
================================================================================
[2024-03-19T20:33:58.827+0000] {manager.py:879} INFO - 
================================================================================
DAG File Processing Stats

File Path                 PID    Runtime      # DAGs    # Errors  Last Runtime    Last Run
------------------------  -----  ---------  --------  ----------  --------------  -------------------
/opt/airflow/dags/etl.py                           0           0  0.29s           2024-03-19T20:33:29
/opt/airflow/dags/dag.py                           1           0  0.32s           2024-03-19T20:33:29
================================================================================
[2024-03-19T20:34:29.223+0000] {manager.py:879} INFO - 
================================================================================
DAG File Processing Stats

File Path                 PID    Runtime      # DAGs    # Errors  Last Runtime    Last Run
------------------------  -----  ---------  --------  ----------  --------------  -------------------
/opt/airflow/dags/etl.py                           0           0  0.29s           2024-03-19T20:34:00
/opt/airflow/dags/dag.py                           1           0  0.33s           2024-03-19T20:34:00
================================================================================
[2024-03-19T20:34:59.609+0000] {manager.py:879} INFO - 
================================================================================
DAG File Processing Stats

File Path                 PID    Runtime      # DAGs    # Errors  Last Runtime    Last Run
------------------------  -----  ---------  --------  ----------  --------------  -------------------
/opt/airflow/dags/etl.py                           0           0  0.29s           2024-03-19T20:34:30
/opt/airflow/dags/dag.py                           1           0  0.32s           2024-03-19T20:34:30
================================================================================
[2024-03-19T20:35:30.007+0000] {manager.py:879} INFO - 
================================================================================
DAG File Processing Stats

File Path                 PID    Runtime      # DAGs    # Errors  Last Runtime    Last Run
------------------------  -----  ---------  --------  ----------  --------------  -------------------
/opt/airflow/dags/etl.py                           0           0  0.30s           2024-03-19T20:35:00
/opt/airflow/dags/dag.py                           1           0  0.33s           2024-03-19T20:35:01
================================================================================
[2024-03-19T20:35:57.411+0000] {manager.py:738} INFO - Searching for files in /opt/airflow/dags
[2024-03-19T20:35:57.465+0000] {manager.py:741} INFO - There are 2 files in /opt/airflow/dags
[2024-03-19T20:36:00.480+0000] {manager.py:879} INFO - 
================================================================================
DAG File Processing Stats

File Path                 PID    Runtime      # DAGs    # Errors  Last Runtime    Last Run
------------------------  -----  ---------  --------  ----------  --------------  -------------------
/opt/airflow/dags/etl.py                           0           0  0.31s           2024-03-19T20:35:31
/opt/airflow/dags/dag.py                           1           0  0.33s           2024-03-19T20:35:31
================================================================================
[2024-03-19T20:36:30.905+0000] {manager.py:879} INFO - 
================================================================================
DAG File Processing Stats

File Path                 PID    Runtime      # DAGs    # Errors  Last Runtime    Last Run
------------------------  -----  ---------  --------  ----------  --------------  -------------------
/opt/airflow/dags/etl.py                           0           0  0.31s           2024-03-19T20:36:01
/opt/airflow/dags/dag.py                           1           0  0.36s           2024-03-19T20:36:01
================================================================================
[2024-03-19T20:37:01.356+0000] {manager.py:879} INFO - 
================================================================================
DAG File Processing Stats

File Path                 PID    Runtime      # DAGs    # Errors  Last Runtime    Last Run
------------------------  -----  ---------  --------  ----------  --------------  -------------------
/opt/airflow/dags/etl.py                           0           0  0.33s           2024-03-19T20:36:32
/opt/airflow/dags/dag.py                           1           0  0.39s           2024-03-19T20:36:32
================================================================================
[2024-03-19T20:37:31.780+0000] {manager.py:879} INFO - 
================================================================================
DAG File Processing Stats

File Path                 PID    Runtime      # DAGs    # Errors  Last Runtime    Last Run
------------------------  -----  ---------  --------  ----------  --------------  -------------------
/opt/airflow/dags/etl.py                           0           0  0.31s           2024-03-19T20:37:02
/opt/airflow/dags/dag.py                           1           0  0.36s           2024-03-19T20:37:02
================================================================================
[2024-03-19T20:38:02.201+0000] {manager.py:879} INFO - 
================================================================================
DAG File Processing Stats

File Path                 PID    Runtime      # DAGs    # Errors  Last Runtime    Last Run
------------------------  -----  ---------  --------  ----------  --------------  -------------------
/opt/airflow/dags/etl.py                           0           0  0.30s           2024-03-19T20:37:33
/opt/airflow/dags/dag.py                           1           0  0.35s           2024-03-19T20:37:33
================================================================================
[2024-03-19T20:38:32.656+0000] {manager.py:879} INFO - 
================================================================================
DAG File Processing Stats

File Path                 PID    Runtime      # DAGs    # Errors  Last Runtime    Last Run
------------------------  -----  ---------  --------  ----------  --------------  -------------------
/opt/airflow/dags/etl.py                           0           0  0.34s           2024-03-19T20:38:03
/opt/airflow/dags/dag.py                           1           0  0.39s           2024-03-19T20:38:03
================================================================================
[2024-03-19T20:38:38.077+0000] {manager.py:451} INFO - Exiting gracefully upon receiving signal 15
[2024-03-19T20:41:04.725+0000] {manager.py:469} INFO - Processing files using up to 2 processes at a time 
[2024-03-19T20:41:04.725+0000] {manager.py:470} INFO - Process each file at most once every 30 seconds
[2024-03-19T20:41:04.726+0000] {manager.py:471} INFO - Checking for new files in /opt/airflow/dags every 300 seconds
[2024-03-19T20:41:04.727+0000] {manager.py:738} INFO - Searching for files in /opt/airflow/dags
[2024-03-19T20:41:04.816+0000] {manager.py:741} INFO - There are 2 files in /opt/airflow/dags
[2024-03-19T20:41:04.875+0000] {manager.py:879} INFO - 
================================================================================
DAG File Processing Stats

File Path                   PID  Runtime      # DAGs    # Errors  Last Runtime    Last Run
------------------------  -----  ---------  --------  ----------  --------------  ----------
/opt/airflow/dags/dag.py     34  0.03s             0           0
/opt/airflow/dags/etl.py     35  0.02s             0           0
================================================================================
[2024-03-19T20:41:35.851+0000] {manager.py:879} INFO - 
================================================================================
DAG File Processing Stats

File Path                   PID  Runtime      # DAGs    # Errors  Last Runtime    Last Run
------------------------  -----  ---------  --------  ----------  --------------  -------------------
/opt/airflow/dags/etl.py     44  0.00s             0           0  0.89s           2024-03-19T20:41:05
/opt/airflow/dags/dag.py                           1           0  2.96s           2024-03-19T20:41:07
================================================================================
[2024-03-19T20:42:06.269+0000] {manager.py:879} INFO - 
================================================================================
DAG File Processing Stats

File Path                   PID  Runtime      # DAGs    # Errors  Last Runtime    Last Run
------------------------  -----  ---------  --------  ----------  --------------  -------------------
/opt/airflow/dags/etl.py     54  0.00s             0           0  0.31s           2024-03-19T20:41:36
/opt/airflow/dags/dag.py                           1           0  0.35s           2024-03-19T20:41:38
================================================================================
[2024-03-19T20:42:36.676+0000] {manager.py:879} INFO - 
================================================================================
DAG File Processing Stats

File Path                   PID  Runtime      # DAGs    # Errors  Last Runtime    Last Run
------------------------  -----  ---------  --------  ----------  --------------  -------------------
/opt/airflow/dags/etl.py     64  0.00s             0           0  0.30s           2024-03-19T20:42:06
/opt/airflow/dags/dag.py                           1           0  0.33s           2024-03-19T20:42:08
================================================================================
[2024-03-19T20:43:07.090+0000] {manager.py:879} INFO - 
================================================================================
DAG File Processing Stats

File Path                   PID  Runtime      # DAGs    # Errors  Last Runtime    Last Run
------------------------  -----  ---------  --------  ----------  --------------  -------------------
/opt/airflow/dags/etl.py     74  0.00s             0           0  0.31s           2024-03-19T20:42:36
/opt/airflow/dags/dag.py                           1           0  0.34s           2024-03-19T20:42:39
================================================================================
[2024-03-19T20:43:37.486+0000] {manager.py:879} INFO - 
================================================================================
DAG File Processing Stats

File Path                   PID  Runtime      # DAGs    # Errors  Last Runtime    Last Run
------------------------  -----  ---------  --------  ----------  --------------  -------------------
/opt/airflow/dags/etl.py     84  0.00s             0           0  0.29s           2024-03-19T20:43:07
/opt/airflow/dags/dag.py                           1           0  0.33s           2024-03-19T20:43:09
================================================================================
[2024-03-19T20:44:07.888+0000] {manager.py:879} INFO - 
================================================================================
DAG File Processing Stats

File Path                   PID  Runtime      # DAGs    # Errors  Last Runtime    Last Run
------------------------  -----  ---------  --------  ----------  --------------  -------------------
/opt/airflow/dags/etl.py     94  0.00s             0           0  0.29s           2024-03-19T20:43:37
/opt/airflow/dags/dag.py                           1           0  0.33s           2024-03-19T20:43:39
================================================================================
[2024-03-19T20:44:56.152+0000] {manager.py:469} INFO - Processing files using up to 2 processes at a time 
[2024-03-19T20:44:56.152+0000] {manager.py:470} INFO - Process each file at most once every 30 seconds
[2024-03-19T20:44:56.153+0000] {manager.py:471} INFO - Checking for new files in /opt/airflow/dags every 300 seconds
[2024-03-19T20:44:56.153+0000] {manager.py:738} INFO - Searching for files in /opt/airflow/dags
[2024-03-19T20:44:56.229+0000] {manager.py:741} INFO - There are 2 files in /opt/airflow/dags
[2024-03-19T20:44:56.292+0000] {manager.py:879} INFO - 
================================================================================
DAG File Processing Stats

File Path                   PID  Runtime      # DAGs    # Errors  Last Runtime    Last Run
------------------------  -----  ---------  --------  ----------  --------------  ----------
/opt/airflow/dags/dag.py     33  0.03s             0           0
/opt/airflow/dags/etl.py     34  0.02s             0           0
================================================================================
[2024-03-19T20:45:26.622+0000] {manager.py:879} INFO - 
================================================================================
DAG File Processing Stats

File Path                   PID  Runtime      # DAGs    # Errors  Last Runtime    Last Run
------------------------  -----  ---------  --------  ----------  --------------  -------------------
/opt/airflow/dags/etl.py     43  0.00s             0           0  0.24s           2024-03-19T20:44:56
/opt/airflow/dags/dag.py                           1           0  0.44s           2024-03-19T20:44:56
================================================================================
[2024-03-19T20:45:57.066+0000] {manager.py:879} INFO - 
================================================================================
DAG File Processing Stats

File Path                   PID  Runtime      # DAGs    # Errors  Last Runtime    Last Run
------------------------  -----  ---------  --------  ----------  --------------  -------------------
/opt/airflow/dags/etl.py     53  0.00s             0           0  0.33s           2024-03-19T20:45:26
/opt/airflow/dags/dag.py                           1           0  0.35s           2024-03-19T20:45:27
================================================================================
[2024-03-19T20:46:27.479+0000] {manager.py:879} INFO - 
================================================================================
DAG File Processing Stats

File Path                   PID  Runtime      # DAGs    # Errors  Last Runtime    Last Run
------------------------  -----  ---------  --------  ----------  --------------  -------------------
/opt/airflow/dags/etl.py     63  0.00s             0           0  0.31s           2024-03-19T20:45:57
/opt/airflow/dags/dag.py                           1           0  0.33s           2024-03-19T20:45:57
================================================================================
[2024-03-19T20:46:57.894+0000] {manager.py:879} INFO - 
================================================================================
DAG File Processing Stats

File Path                   PID  Runtime      # DAGs    # Errors  Last Runtime    Last Run
------------------------  -----  ---------  --------  ----------  --------------  -------------------
/opt/airflow/dags/etl.py     73  0.00s             0           0  0.31s           2024-03-19T20:46:27
/opt/airflow/dags/dag.py                           1           0  0.35s           2024-03-19T20:46:27
================================================================================
